C:\USERS\JSALAZAR\DESKTOP\GAMECLASS\SALAZAR_COMPUTERGRAPHICS\EXTERNALDEPENDENCIES\ENGINE\DEBUG\OBJ\CLOCK.OBJ
C:\USERS\JSALAZAR\DESKTOP\GAMECLASS\SALAZAR_COMPUTERGRAPHICS\EXTERNALDEPENDENCIES\ENGINE\DEBUG\OBJ\CAMERA.OBJ
C:\USERS\JSALAZAR\DESKTOP\GAMECLASS\SALAZAR_COMPUTERGRAPHICS\EXTERNALDEPENDENCIES\ENGINE\DEBUG\OBJ\PARTICLECONTACT.OBJ
C:\USERS\JSALAZAR\DESKTOP\GAMECLASS\SALAZAR_COMPUTERGRAPHICS\EXTERNALDEPENDENCIES\ENGINE\DEBUG\OBJ\PARTICLEFORCEGENERATOR.OBJ
C:\USERS\JSALAZAR\DESKTOP\GAMECLASS\SALAZAR_COMPUTERGRAPHICS\EXTERNALDEPENDENCIES\ENGINE\DEBUG\OBJ\PHYSICSPARTICLE.OBJ
C:\USERS\JSALAZAR\DESKTOP\GAMECLASS\SALAZAR_COMPUTERGRAPHICS\EXTERNALDEPENDENCIES\ENGINE\DEBUG\OBJ\RENDERER.OBJ
C:\USERS\JSALAZAR\DESKTOP\GAMECLASS\SALAZAR_COMPUTERGRAPHICS\EXTERNALDEPENDENCIES\ENGINE\DEBUG\OBJ\RENDERER_MOC.OBJ
C:\USERS\JSALAZAR\DESKTOP\GAMECLASS\SALAZAR_COMPUTERGRAPHICS\EXTERNALDEPENDENCIES\ENGINE\DEBUG\OBJ\TIMER.OBJ
C:\USERS\JSALAZAR\DESKTOP\GAMECLASS\SALAZAR_COMPUTERGRAPHICS\EXTERNALDEPENDENCIES\ENGINE\DEBUG\OBJ\VC100.PDB
C:\Users\JSalazar\Desktop\GameClass\salazar_computergraphics\ExternalDependencies\Engine\Debug\Engine.lib
C:\Users\JSalazar\Desktop\GameClass\salazar_computergraphics\ExternalDependencies\Engine\Debug\Engine.exp
C:\USERS\JSALAZAR\DESKTOP\GAMECLASS\SALAZAR_COMPUTERGRAPHICS\EXTERNALDEPENDENCIES\ENGINE\DEBUG\ENGINE.DLL
C:\USERS\JSALAZAR\DESKTOP\GAMECLASS\SALAZAR_COMPUTERGRAPHICS\EXTERNALDEPENDENCIES\ENGINE\DEBUG\OBJ\ENGINE.DLL.INTERMEDIATE.MANIFEST
C:\USERS\JSALAZAR\DESKTOP\GAMECLASS\SALAZAR_COMPUTERGRAPHICS\EXTERNALDEPENDENCIES\ENGINE\DEBUG\ENGINE.PDB
C:\USERS\JSALAZAR\DESKTOP\GAMECLASS\SALAZAR_COMPUTERGRAPHICS\EXTERNALDEPENDENCIES\ENGINE\DEBUG\OBJ\ENGINE.DLL.EMBED.MANIFEST.RES
C:\Users\JSalazar\Desktop\GameClass\salazar_computergraphics\ExternalDependencies\Engine\Debug\obj\Camera.obj
C:\Users\JSalazar\Desktop\GameClass\salazar_computergraphics\ExternalDependencies\Engine\Debug\obj\Clock.obj
C:\Users\JSalazar\Desktop\GameClass\salazar_computergraphics\ExternalDependencies\Engine\Debug\obj\ParticleContact.obj
C:\Users\JSalazar\Desktop\GameClass\salazar_computergraphics\ExternalDependencies\Engine\Debug\obj\ParticleForceGenerator.obj
C:\Users\JSalazar\Desktop\GameClass\salazar_computergraphics\ExternalDependencies\Engine\Debug\obj\PhysicsParticle.obj
C:\Users\JSalazar\Desktop\GameClass\salazar_computergraphics\ExternalDependencies\Engine\Debug\obj\Renderer.obj
C:\Users\JSalazar\Desktop\GameClass\salazar_computergraphics\ExternalDependencies\Engine\Debug\obj\Renderer_moc.obj
C:\Users\JSalazar\Desktop\GameClass\salazar_computergraphics\ExternalDependencies\Engine\Debug\obj\Timer.obj
C:\Users\JSalazar\Desktop\GameClass\salazar_computergraphics\ExternalDependencies\Engine\Debug\obj\cl.command.1.tlog
C:\Users\JSalazar\Desktop\GameClass\salazar_computergraphics\ExternalDependencies\Engine\Debug\obj\CL.read.1.tlog
C:\Users\JSalazar\Desktop\GameClass\salazar_computergraphics\ExternalDependencies\Engine\Debug\obj\CL.write.1.tlog
C:\Users\JSalazar\Desktop\GameClass\salazar_computergraphics\ExternalDependencies\Engine\Debug\obj\Engine.write.1.tlog
C:\Users\JSalazar\Desktop\GameClass\salazar_computergraphics\ExternalDependencies\Engine\Debug\obj\link.command.1.tlog
C:\Users\JSalazar\Desktop\GameClass\salazar_computergraphics\ExternalDependencies\Engine\Debug\obj\link.read.1.tlog
C:\Users\JSalazar\Desktop\GameClass\salazar_computergraphics\ExternalDependencies\Engine\Debug\obj\link.write.1.tlog
C:\Users\JSalazar\Desktop\GameClass\salazar_computergraphics\ExternalDependencies\Engine\Debug\obj\mt.command.1.tlog
C:\Users\JSalazar\Desktop\GameClass\salazar_computergraphics\ExternalDependencies\Engine\Debug\obj\mt.read.1.tlog
C:\Users\JSalazar\Desktop\GameClass\salazar_computergraphics\ExternalDependencies\Engine\Debug\obj\mt.write.1.tlog
C:\Users\JSalazar\Desktop\GameClass\salazar_computergraphics\ExternalDependencies\Engine\Debug\obj\rc.command.1.tlog
C:\Users\JSalazar\Desktop\GameClass\salazar_computergraphics\ExternalDependencies\Engine\Debug\obj\rc.read.1.tlog
C:\Users\JSalazar\Desktop\GameClass\salazar_computergraphics\ExternalDependencies\Engine\Debug\obj\rc.write.1.tlog
C:\Users\JSalazar\Desktop\GameClass\salazar_computergraphics\ExternalDependencies\Engine\Debug\obj\Engine.dll.embed.manifest
C:\Users\JSalazar\Desktop\GameClass\salazar_computergraphics\ExternalDependencies\Engine\Debug\obj\Engine.dll.intermediate.manifest
C:\Users\JSalazar\Desktop\GameClass\salazar_computergraphics\ExternalDependencies\Engine\Debug\obj\Engine.dll.embed.manifest.res
C:\Users\JSalazar\Desktop\GameClass\salazar_computergraphics\ExternalDependencies\Engine\Debug\obj\vc100.idb
C:\Users\JSalazar\Desktop\GameClass\salazar_computergraphics\ExternalDependencies\Engine\Debug\obj\vc100.pdb
C:\Users\JSalazar\Desktop\GameClass\salazar_computergraphics\ExternalDependencies\Engine\Debug\obj\Engine_manifest.rc
C:\Users\JSalazar\Desktop\GameClass\salazar_computergraphics\ExternalDependencies\Engine\Debug\Engine.pdb
C:\Users\JSalazar\Desktop\GameClass\salazar_computergraphics\ExternalDependencies\Engine\Debug\Engine.dll
