Build started 7/14/2014 11:13:36 PM.
     1>Project "C:\Users\JSalazar\Desktop\GameClass\salazar_computergraphics\ExternalDependencies\Engine\Engine.vcxproj" on node 2 (Rebuild target(s)).
     1>ClCompile:
         C:\Program Files (x86)\Microsoft Visual Studio 10.0\VC\bin\CL.exe /c /I"C:\Users\JSalazar\Desktop\GameClass\salazar_computergraphics\03 Computer Graphics\CompleteScene\..\..\ExternalDependencies\DebugEngine" /I"C:\Users\JSalazar\Desktop\GameClass\salazar_computergraphics\03 Computer Graphics\CompleteScene\..\..\ExternalDependencies\NeumontTools\include" /I"C:\Users\JSalazar\Desktop\GameClass\salazar_computergraphics\03 Computer Graphics\CompleteScene\..\..\ExternalDependencies\glew\include" /I"C:\Users\JSalazar\Desktop\GameClass\salazar_computergraphics\03 Computer Graphics\CompleteScene\..\..\ExternalDependencies\glm" /I"C:\Users\JSalazar\Desktop\GameClass\salazar_computergraphics\03 Computer Graphics\CompleteScene\..\..\ExternalDependencies\LibNoise\include" /I"C:\Users\JSalazar\Desktop\GameClass\salazar_computergraphics\03 Computer Graphics\CompleteScene\..\..\ExternalDependencies\Qt\include" /ZI /nologo /W4 /WX /Od /Oy- /D WIN32 /D _DEBUG /D _WINDOWS /D _USRDLL /D ENGINE_EXPORTS /D _WINDLL /D _UNICODE /D UNICODE /Gm /EHsc /RTC1 /MDd /GS /fp:precise /Zc:wchar_t /Zc:forScope /Fo"Debug\obj\\" /Fd"Debug\obj\vc100.pdb" /Gd /TP /wd4201 /wd4127 /wd4251 /wd4482 /wd4100 /analyze- /errorReport:prompt Clock.cpp Camera.cpp ParticleContact.cpp ParticleForceGenerator.cpp PhysicsParticle.cpp Renderer.cpp Renderer_moc.cpp Timer.cpp
         Timer.cpp
         Renderer_moc.cpp
         Renderer.cpp
         PhysicsParticle.cpp
         ParticleForceGenerator.cpp
         ParticleContact.cpp
         Camera.cpp
         Clock.cpp
         Generating Code...
       Link:
         C:\Program Files (x86)\Microsoft Visual Studio 10.0\VC\bin\link.exe /ERRORREPORT:PROMPT /OUT:"C:\Users\JSalazar\Desktop\GameClass\salazar_computergraphics\ExternalDependencies\Engine\Debug\Engine.dll" /INCREMENTAL:NO /NOLOGO /LIBPATH:"C:\Users\JSalazar\Desktop\GameClass\salazar_computergraphics\03 Computer Graphics\CompleteScene\..\..\ExternalDependencies\DebugEngine\Debug" /LIBPATH:"C:\Users\JSalazar\Desktop\GameClass\salazar_computergraphics\03 Computer Graphics\CompleteScene\..\..\ExternalDependencies\glew\lib" /LIBPATH:"C:\Users\JSalazar\Desktop\GameClass\salazar_computergraphics\03 Computer Graphics\CompleteScene\..\..\ExternalDependencies\NeumontTools\lib" /LIBPATH:"C:\Users\JSalazar\Desktop\GameClass\salazar_computergraphics\03 Computer Graphics\CompleteScene\..\..\ExternalDependencies\Qt\lib" /LIBPATH:"C:\Users\JSalazar\Desktop\GameClass\salazar_computergraphics\03 Computer Graphics\CompleteScene\..\..\ExternalDependencies\LibNoise\lib" libnoise.lib kernel32.lib user32.lib gdi32.lib winspool.lib comdlg32.lib advapi32.lib shell32.lib ole32.lib oleaut32.lib uuid.lib odbc32.lib glew32.lib QtCored4.lib QtGuid4.lib QtOpenGLd4.lib odbccp32.lib openGL32.lib NeumontTools.lib DebugEngine.lib kernel32.lib user32.lib gdi32.lib winspool.lib comdlg32.lib advapi32.lib shell32.lib ole32.lib oleaut32.lib uuid.lib odbc32.lib odbccp32.lib /MANIFEST /ManifestFile:"Debug\obj\Engine.dll.intermediate.manifest" /MANIFESTUAC:"level='asInvoker' uiAccess='false'" /DEBUG /PDB:"C:\Users\JSalazar\Desktop\GameClass\salazar_computergraphics\ExternalDependencies\Engine\Debug\Engine.pdb" /SUBSYSTEM:WINDOWS /TLBID:1 /DYNAMICBASE /NXCOMPAT /IMPLIB:"C:\Users\JSalazar\Desktop\GameClass\salazar_computergraphics\ExternalDependencies\Engine\Debug\Engine.lib" /MACHINE:X86 /DLL Debug\obj\Clock.obj
         Debug\obj\Camera.obj
         Debug\obj\ParticleContact.obj
         Debug\obj\ParticleForceGenerator.obj
         Debug\obj\PhysicsParticle.obj
         Debug\obj\Renderer.obj
         Debug\obj\Renderer_moc.obj
         Debug\obj\Timer.obj
     1>Clock.obj : warning LNK4075: ignoring '/EDITANDCONTINUE' due to '/INCREMENTAL:NO' specification
            Creating library C:\Users\JSalazar\Desktop\GameClass\salazar_computergraphics\ExternalDependencies\Engine\Debug\Engine.lib and object C:\Users\JSalazar\Desktop\GameClass\salazar_computergraphics\ExternalDependencies\Engine\Debug\Engine.exp
         Engine.vcxproj -> C:\Users\JSalazar\Desktop\GameClass\salazar_computergraphics\ExternalDependencies\Engine\Debug\Engine.dll
       Manifest:
         C:\Program Files (x86)\Microsoft SDKs\Windows\v7.0A\bin\mt.exe /nologo /verbose /outputresource:"C:\Users\JSalazar\Desktop\GameClass\salazar_computergraphics\ExternalDependencies\Engine\Debug\Engine.dll;#2" /manifest Debug\obj\Engine.dll.intermediate.manifest
       PostBuildEvent:
         erase "C:\Users\JSalazar\Desktop\GameClass\salazar_computergraphics\ExternalDependencies\Engine\Debug\DebugEngine.dll" 
         copy "C:\Users\JSalazar\Desktop\GameClass\salazar_computergraphics\03 Computer Graphics\CompleteScene\..\..\ExternalDependencies\DebugEngine\Debug\DebugEngine.dll" "C:\Users\JSalazar\Desktop\GameClass\salazar_computergraphics\ExternalDependencies\Engine\Debug\"
         :VCEnd
                 1 file(s) copied.
     1>Done Building Project "C:\Users\JSalazar\Desktop\GameClass\salazar_computergraphics\ExternalDependencies\Engine\Engine.vcxproj" (Rebuild target(s)).

Build succeeded.

Time Elapsed 00:00:06.99
