C:\USERS\JSALAZAR\DESKTOP\GAMECLASS\SALAZAR_COMPUTERGRAPHICS\EXTERNALDEPENDENCIES\DEBUGENGINE\DEBUG\OBJ\DEBUGDUALSCREEN.OBJ
C:\USERS\JSALAZAR\DESKTOP\GAMECLASS\SALAZAR_COMPUTERGRAPHICS\EXTERNALDEPENDENCIES\DEBUGENGINE\DEBUG\OBJ\DEBUGMENU.OBJ
C:\USERS\JSALAZAR\DESKTOP\GAMECLASS\SALAZAR_COMPUTERGRAPHICS\EXTERNALDEPENDENCIES\DEBUGENGINE\DEBUG\OBJ\DEBUGSHAPES.OBJ
C:\USERS\JSALAZAR\DESKTOP\GAMECLASS\SALAZAR_COMPUTERGRAPHICS\EXTERNALDEPENDENCIES\DEBUGENGINE\DEBUG\OBJ\LOGGER.OBJ
C:\USERS\JSALAZAR\DESKTOP\GAMECLASS\SALAZAR_COMPUTERGRAPHICS\EXTERNALDEPENDENCIES\DEBUGENGINE\DEBUG\OBJ\VC100.PDB
C:\USERS\JSALAZAR\DESKTOP\GAMECLASS\SALAZAR_COMPUTERGRAPHICS\EXTERNALDEPENDENCIES\DEBUGENGINE\DEBUG\OBJ\DEBUGENGINE.DLL.EMBED.MANIFEST.RES
C:\Users\JSalazar\Desktop\GameClass\salazar_computergraphics\ExternalDependencies\DebugEngine\Debug\obj\DebugDualScreen.obj
C:\Users\JSalazar\Desktop\GameClass\salazar_computergraphics\ExternalDependencies\DebugEngine\Debug\obj\DebugMenu.obj
C:\Users\JSalazar\Desktop\GameClass\salazar_computergraphics\ExternalDependencies\DebugEngine\Debug\obj\DebugShapes.obj
C:\Users\JSalazar\Desktop\GameClass\salazar_computergraphics\ExternalDependencies\DebugEngine\Debug\obj\Logger.obj
C:\Users\JSalazar\Desktop\GameClass\salazar_computergraphics\ExternalDependencies\DebugEngine\Debug\obj\cl.command.1.tlog
C:\Users\JSalazar\Desktop\GameClass\salazar_computergraphics\ExternalDependencies\DebugEngine\Debug\obj\CL.read.1.tlog
C:\Users\JSalazar\Desktop\GameClass\salazar_computergraphics\ExternalDependencies\DebugEngine\Debug\obj\CL.write.1.tlog
C:\Users\JSalazar\Desktop\GameClass\salazar_computergraphics\ExternalDependencies\DebugEngine\Debug\obj\link.command.1.tlog
C:\Users\JSalazar\Desktop\GameClass\salazar_computergraphics\ExternalDependencies\DebugEngine\Debug\obj\link.read.1.tlog
C:\Users\JSalazar\Desktop\GameClass\salazar_computergraphics\ExternalDependencies\DebugEngine\Debug\obj\link.write.1.tlog
C:\Users\JSalazar\Desktop\GameClass\salazar_computergraphics\ExternalDependencies\DebugEngine\Debug\obj\rc.command.1.tlog
C:\Users\JSalazar\Desktop\GameClass\salazar_computergraphics\ExternalDependencies\DebugEngine\Debug\obj\rc.read.1.tlog
C:\Users\JSalazar\Desktop\GameClass\salazar_computergraphics\ExternalDependencies\DebugEngine\Debug\obj\rc.write.1.tlog
C:\Users\JSalazar\Desktop\GameClass\salazar_computergraphics\ExternalDependencies\DebugEngine\Debug\obj\DebugEngine.dll.embed.manifest
C:\Users\JSalazar\Desktop\GameClass\salazar_computergraphics\ExternalDependencies\DebugEngine\Debug\obj\DebugEngine.dll.embed.manifest.res
C:\Users\JSalazar\Desktop\GameClass\salazar_computergraphics\ExternalDependencies\DebugEngine\Debug\obj\vc100.idb
C:\Users\JSalazar\Desktop\GameClass\salazar_computergraphics\ExternalDependencies\DebugEngine\Debug\obj\vc100.pdb
C:\Users\JSalazar\Desktop\GameClass\salazar_computergraphics\ExternalDependencies\DebugEngine\Debug\obj\DebugEngine_manifest.rc
C:\Users\JSalazar\Desktop\GameClass\salazar_computergraphics\ExternalDependencies\DebugEngine\Debug\DebugEngine.dll
